20:11:28 **** Incremental Build of configuration Debug for project memoriaDinamica ****
Info: Internal Builder is used for build
gcc -O0 -g3 -Wall -c -fmessage-length=0 -o "src\\memoriaDinamica.o" "..\\src\\memoriaDinamica.c" 
..\src\memoriaDinamica.c:20:2: error: stray '\342' in program
   20 |  ​
      |  ^
..\src\memoriaDinamica.c:20:3: error: stray '\200' in program
   20 |  ​
      |   ^
..\src\memoriaDinamica.c:20:4: error: stray '\213' in program
   20 |  ​
      |    ^
..\src\memoriaDinamica.c: In function 'main':
..\src\memoriaDinamica.c:31:1: error: stray '\342' in program
   31 | ​
      | ^
..\src\memoriaDinamica.c:31:2: error: stray '\200' in program
   31 | ​
      |  ^
..\src\memoriaDinamica.c:31:3: error: stray '\213' in program
   31 | ​
      |   ^
..\src\memoriaDinamica.c:34:2: error: stray '\342' in program
   34 |  ​
      |  ^
..\src\memoriaDinamica.c:34:3: error: stray '\200' in program
   34 |  ​
      |   ^
..\src\memoriaDinamica.c:34:4: error: stray '\213' in program
   34 |  ​
      |    ^
..\src\memoriaDinamica.c:36:2: error: stray '\342' in program
   36 |  ​
      |  ^
..\src\memoriaDinamica.c:36:3: error: stray '\200' in program
   36 |  ​
      |   ^
..\src\memoriaDinamica.c:36:4: error: stray '\213' in program
   36 |  ​
      |    ^
..\src\memoriaDinamica.c:38:2: error: stray '\342' in program
   38 |  ​
      |  ^
..\src\memoriaDinamica.c:38:3: error: stray '\200' in program
   38 |  ​
      |   ^
..\src\memoriaDinamica.c:38:4: error: stray '\213' in program
   38 |  ​
      |    ^
..\src\memoriaDinamica.c:40:2: error: stray '\342' in program
   40 |  ​
      |  ^
..\src\memoriaDinamica.c:40:3: error: stray '\200' in program
   40 |  ​
      |   ^
..\src\memoriaDinamica.c:40:4: error: stray '\213' in program
   40 |  ​
      |    ^
..\src\memoriaDinamica.c:43:2: error: stray '\342' in program
   43 |  ​
      |  ^
..\src\memoriaDinamica.c:43:3: error: stray '\200' in program
   43 |  ​
      |   ^
..\src\memoriaDinamica.c:43:4: error: stray '\213' in program
   43 |  ​
      |    ^
..\src\memoriaDinamica.c:45:16: warning: format '%[^
   ' expects argument of type 'char *', but argument 2 has type 'char (*)[31]' [-Wformat=]
   45 |      scanf("%[^\n]", &per.nombre);
      |             ~~~^~    ~~~~~~~~~~~
      |                |     |
      |                |     char (*)[31]
      |                char *
..\src\memoriaDinamica.c:46:2: error: stray '\342' in program
   46 |  ​
      |  ^
..\src\memoriaDinamica.c:46:3: error: stray '\200' in program
   46 |  ​
      |   ^
..\src\memoriaDinamica.c:46:4: error: stray '\213' in program
   46 |  ​
      |    ^
..\src\memoriaDinamica.c:48:2: error: stray '\342' in program
   48 |  ​
      |  ^
..\src\memoriaDinamica.c:48:3: error: stray '\200' in program
   48 |  ​
      |   ^
..\src\memoriaDinamica.c:48:4: error: stray '\213' in program
   48 |  ​
      |    ^
..\src\memoriaDinamica.c:51:2: error: stray '\342' in program
   51 |  ​
      |  ^
..\src\memoriaDinamica.c:51:3: error: stray '\200' in program
   51 |  ​
      |   ^
..\src\memoriaDinamica.c:51:4: error: stray '\213' in program
   51 |  ​
      |    ^
..\src\memoriaDinamica.c:54:2: error: stray '\342' in program
   54 |  ​
      |  ^
..\src\memoriaDinamica.c:54:3: error: stray '\200' in program
   54 |  ​
      |   ^
..\src\memoriaDinamica.c:54:4: error: stray '\213' in program
   54 |  ​
      |    ^
..\src\memoriaDinamica.c:57:2: error: stray '\342' in program
   57 |  ​
      |  ^
..\src\memoriaDinamica.c:57:3: error: stray '\200' in program
   57 |  ​
      |   ^
..\src\memoriaDinamica.c:57:4: error: stray '\213' in program
   57 |  ​
      |    ^
..\src\memoriaDinamica.c:59:2: error: stray '\342' in program
   59 |  ​
      |  ^
..\src\memoriaDinamica.c:59:3: error: stray '\200' in program
   59 |  ​
      |   ^
..\src\memoriaDinamica.c:59:4: error: stray '\213' in program
   59 |  ​
      |    ^
..\src\memoriaDinamica.c:60:2: error: stray '\342' in program
   60 |  ​
      |  ^
..\src\memoriaDinamica.c:60:3: error: stray '\200' in program
   60 |  ​
      |   ^
..\src\memoriaDinamica.c:60:4: error: stray '\213' in program
   60 |  ​
      |    ^
..\src\memoriaDinamica.c:62:2: error: stray '\342' in program
   62 |  ​
      |  ^
..\src\memoriaDinamica.c:62:3: error: stray '\200' in program
   62 |  ​
      |   ^
..\src\memoriaDinamica.c:62:4: error: stray '\213' in program
   62 |  ​
      |    ^
..\src\memoriaDinamica.c:65:2: error: stray '\342' in program
   65 |  ​
      |  ^
..\src\memoriaDinamica.c:65:3: error: stray '\200' in program
   65 |  ​
      |   ^
..\src\memoriaDinamica.c:65:4: error: stray '\213' in program
   65 |  ​
      |    ^
..\src\memoriaDinamica.c:69:2: error: stray '\342' in program
   69 |  ​
      |  ^
..\src\memoriaDinamica.c:69:3: error: stray '\200' in program
   69 |  ​
      |   ^
..\src\memoriaDinamica.c:69:4: error: stray '\213' in program
   69 |  ​
      |    ^
..\src\memoriaDinamica.c:71:2: error: stray '\342' in program
   71 |  ​
      |  ^
..\src\memoriaDinamica.c:71:3: error: stray '\200' in program
   71 |  ​
      |   ^
..\src\memoriaDinamica.c:71:4: error: stray '\213' in program
   71 |  ​
      |    ^
..\src\memoriaDinamica.c:74:2: error: stray '\342' in program
   74 |  ​
      |  ^
..\src\memoriaDinamica.c:74:3: error: stray '\200' in program
   74 |  ​
      |   ^
..\src\memoriaDinamica.c:74:4: error: stray '\213' in program
   74 |  ​
      |    ^
..\src\memoriaDinamica.c:77:2: error: stray '\342' in program
   77 |  ​
      |  ^
..\src\memoriaDinamica.c:77:3: error: stray '\200' in program
   77 |  ​
      |   ^
..\src\memoriaDinamica.c:77:4: error: stray '\213' in program
   77 |  ​
      |    ^
..\src\memoriaDinamica.c:80:2: error: stray '\342' in program
   80 |  ​
      |  ^
..\src\memoriaDinamica.c:80:3: error: stray '\200' in program
   80 |  ​
      |   ^
..\src\memoriaDinamica.c:80:4: error: stray '\213' in program
   80 |  ​
      |    ^
..\src\memoriaDinamica.c:82:2: error: stray '\342' in program
   82 |  ​
      |  ^
..\src\memoriaDinamica.c:82:3: error: stray '\200' in program
   82 |  ​
      |   ^
..\src\memoriaDinamica.c:82:4: error: stray '\213' in program
   82 |  ​
      |    ^
..\src\memoriaDinamica.c:83:2: error: stray '\342' in program
   83 |  ​
      |  ^
..\src\memoriaDinamica.c:83:3: error: stray '\200' in program
   83 |  ​
      |   ^
..\src\memoriaDinamica.c:83:4: error: stray '\213' in program
   83 |  ​
      |    ^
..\src\memoriaDinamica.c:85:2: error: stray '\342' in program
   85 |  ​
      |  ^
..\src\memoriaDinamica.c:85:3: error: stray '\200' in program
   85 |  ​
      |   ^
..\src\memoriaDinamica.c:85:4: error: stray '\213' in program
   85 |  ​
      |    ^
..\src\memoriaDinamica.c:88:2: error: stray '\342' in program
   88 |  ​
      |  ^
..\src\memoriaDinamica.c:88:3: error: stray '\200' in program
   88 |  ​
      |   ^
..\src\memoriaDinamica.c:88:4: error: stray '\213' in program
   88 |  ​
      |    ^
..\src\memoriaDinamica.c:92:2: error: stray '\342' in program
   92 |  ​
      |  ^
..\src\memoriaDinamica.c:92:3: error: stray '\200' in program
   92 |  ​
      |   ^
..\src\memoriaDinamica.c:92:4: error: stray '\213' in program
   92 |  ​
      |    ^
..\src\memoriaDinamica.c:94:2: error: stray '\342' in program
   94 |  ​
      |  ^
..\src\memoriaDinamica.c:94:3: error: stray '\200' in program
   94 |  ​
      |   ^
..\src\memoriaDinamica.c:94:4: error: stray '\213' in program
   94 |  ​
      |    ^
..\src\memoriaDinamica.c:97:2: error: stray '\342' in program
   97 |  ​
      |  ^
..\src\memoriaDinamica.c:97:3: error: stray '\200' in program
   97 |  ​
      |   ^
..\src\memoriaDinamica.c:97:4: error: stray '\213' in program
   97 |  ​
      |    ^
..\src\memoriaDinamica.c:100:2: error: stray '\342' in program
  100 |  ​
      |  ^
..\src\memoriaDinamica.c:100:3: error: stray '\200' in program
  100 |  ​
      |   ^
..\src\memoriaDinamica.c:100:4: error: stray '\213' in program
  100 |  ​
      |    ^
..\src\memoriaDinamica.c:103:2: error: stray '\342' in program
  103 |  ​
      |  ^
..\src\memoriaDinamica.c:103:3: error: stray '\200' in program
  103 |  ​
      |   ^
..\src\memoriaDinamica.c:103:4: error: stray '\213' in program
  103 |  ​
      |    ^
..\src\memoriaDinamica.c:105:2: error: stray '\342' in program
  105 |  ​
      |  ^
..\src\memoriaDinamica.c:105:3: error: stray '\200' in program
  105 |  ​
      |   ^
..\src\memoriaDinamica.c:105:4: error: stray '\213' in program
  105 |  ​
      |    ^
..\src\memoriaDinamica.c:108:2: error: stray '\342' in program
  108 |  ​
      |  ^
..\src\memoriaDinamica.c:108:3: error: stray '\200' in program
  108 |  ​
      |   ^
..\src\memoriaDinamica.c:108:4: error: stray '\213' in program
  108 |  ​
      |    ^
..\src\memoriaDinamica.c:112:2: error: stray '\342' in program
  112 |  ​
      |  ^
..\src\memoriaDinamica.c:112:3: error: stray '\200' in program
  112 |  ​
      |   ^
..\src\memoriaDinamica.c:112:4: error: stray '\213' in program
  112 |  ​
      |    ^
..\src\memoriaDinamica.c:116:2: error: stray '\342' in program
  116 |  ​
      |  ^
..\src\memoriaDinamica.c:116:3: error: stray '\200' in program
  116 |  ​
      |   ^
..\src\memoriaDinamica.c:116:4: error: stray '\213' in program
  116 |  ​
      |    ^
..\src\memoriaDinamica.c:118:2: error: stray '\342' in program
  118 |  ​
      |  ^
..\src\memoriaDinamica.c:118:3: error: stray '\200' in program
  118 |  ​
      |   ^
..\src\memoriaDinamica.c:118:4: error: stray '\213' in program
  118 |  ​
      |    ^
..\src\memoriaDinamica.c:121:2: error: stray '\342' in program
  121 |  ​
      |  ^
..\src\memoriaDinamica.c:121:3: error: stray '\200' in program
  121 |  ​
      |   ^
..\src\memoriaDinamica.c:121:4: error: stray '\213' in program
  121 |  ​
      |    ^
..\src\memoriaDinamica.c:124:2: error: stray '\342' in program
  124 |  ​
      |  ^
..\src\memoriaDinamica.c:124:3: error: stray '\200' in program
  124 |  ​
      |   ^
..\src\memoriaDinamica.c:124:4: error: stray '\213' in program
  124 |  ​
      |    ^
..\src\memoriaDinamica.c:128:2: error: stray '\342' in program
  128 |  ​
      |  ^
..\src\memoriaDinamica.c:128:3: error: stray '\200' in program
  128 |  ​
      |   ^
..\src\memoriaDinamica.c:128:4: error: stray '\213' in program
  128 |  ​
      |    ^
..\src\memoriaDinamica.c:131:2: error: stray '\342' in program
  131 |  ​
      |  ^
..\src\memoriaDinamica.c:131:3: error: stray '\200' in program
  131 |  ​
      |   ^
..\src\memoriaDinamica.c:131:4: error: stray '\213' in program
  131 |  ​
      |    ^
..\src\memoriaDinamica.c:134:2: error: stray '\342' in program
  134 |  ​
      |  ^
..\src\memoriaDinamica.c:134:3: error: stray '\200' in program
  134 |  ​
      |   ^
..\src\memoriaDinamica.c:134:4: error: stray '\213' in program
  134 |  ​
      |    ^
